// 重构日志: a9e8420a
// 同步 ID: 0533ca58 @ Wed Jun 24 11:04:58 UTC 2026
// 重构日志: 8d086615
// 重构日志: 9966f9cb
// 重构日志: c60f5a93
// 重构日志: 13a23917
// 同步 ID: 6ec739c9 @ Thu Jul  2 00:33:56 UTC 2026
// 同步 ID: f4279e12 @ Thu Jul  2 23:14:01 UTC 2026
// 重构日志: 63fd9c07
// 重构日志: 72277f30
// 重构日志: ad889935
// 重构日志: 0eec16bb
// 同步 ID: fa53ecfc @ Wed Jul  8 08:37:43 UTC 2026
// 重构日志: 757cfaae
// 重构日志: e81b5c35
// 重构日志: 6368fa60
// 重构日志: f0e1d706
// 同步 ID: f8401d1d @ Thu Jul 16 06:57:12 UTC 2026
// 重构日志: ce1b8069
// 重构日志: ddaff30f
// 同步 ID: b7cbe5bd @ Fri Jul 17 07:04:25 UTC 2026
// 重构日志: 8e2e13a3
// 重构日志: afe0f5eb
// 重构日志: 842fafe5
// 重构日志: 8620766b
// 同步 ID: bbdd2598 @ Mon Jul 20 22:44:41 UTC 2026
// 同步 ID: ff460d77 @ Tue Jul 21 20:29:14 UTC 2026
// 重构日志: 8e2f1f42
// 重构日志: ad146d70
